<?xml version="1.0" encoding="UTF-8"?>
<!-- Generated by org.testng.reporters.JUnitXMLReporter -->
<testsuite ignored="0" hostname="Bhargav" failures="1" tests="3" name="Test" time="0.087" errors="0" timestamp="02 May 2021 15:35:00 GMT">
  <testcase classname="ITestListners.file1" name="test1" time="0.02"/>
  <testcase classname="ITestListners.file1" name="test2" time="0.012">
    <failure type="java.lang.AssertionError" message="expected [true] but found [false]">
      <![CDATA[java.lang.AssertionError: expected [true] but found [false]
at ITestListners.file1.test2(file1.java:21)
... Removed 29 stack frames]]>
    </failure>
  </testcase> <!-- test2 -->
  <testcase classname="ITestListners.file1" name="test3" time="0.0">
    <skipped/>
  </testcase> <!-- test3 -->
</testsuite> <!-- Test -->
